<?xml version="1.0" encoding="UTF-8"?>
<!-- Generated by org.testng.reporters.JUnitXMLReporter -->
<testsuite ignored="0" hostname="DESKTOP-KJQ7RLT" failures="0" tests="17" name="Surefire test" time="23.436" errors="0" timestamp="2025-10-19T20:52:30 IST">
  <testcase classname="day42.SimpleLoginTest" name="openApp" time="8.87"/>
  <testcase classname="day42.SimpleLoginTest" name="logoCheck" time="3.037"/>
  <testcase classname="day42.SimpleLoginTest" name="login" time="1.947"/>
  <testcase classname="day42.SimpleLoginTest" name="logout" time="6.118"/>
  <testcase classname="day42.SimpleLoginTest" name="closeApp" time="3.328"/>
  <testcase classname="day42.TestNGFirstExecution" name="a_openApp" time="0.0"/>
  <testcase classname="day42.TestNGFirstExecution" name="b_loginApp" time="0.002"/>
  <testcase classname="day42.TestNGFirstExecution" name="c_logoutApp" time="0.002"/>
  <testcase classname="day44.loginTest" name="loginByEmail" time="0.002"/>
  <testcase classname="day44.loginTest" name="loginByFacebook" time="0.0"/>
  <testcase classname="day44.loginTest" name="loginByInstagram" time="0.0"/>
  <testcase classname="day44.PaymentTest" name="payInRupees" time="0.0"/>
  <testcase classname="day44.PaymentTest" name="payInUSD" time="0.0"/>
  <testcase classname="day44.PaymentTest" name="payInCAD" time="0.0"/>
  <testcase classname="day44.SignUpTest" name="SignUpByEmail" time="0.0"/>
  <testcase classname="day44.SignUpTest" name="SignUpByFacebook" time="0.002"/>
  <testcase classname="day44.SignUpTest" name="SignUpByInstagram" time="0.002"/>
</testsuite> <!-- Surefire test -->
