<?xml version="1.0" encoding="UTF-8"?>
<!-- Generated by org.testng.reporters.JUnitXMLReporter -->
<testsuite ignored="0" hostname="DESKTOP-KJQ7RLT" failures="0" tests="3" name="Default test" time="0.099" errors="0" timestamp="2025-10-05T21:27:56 IST">
  <testcase classname="day44.PaymentTest" name="payInRupees" time="0.011"/>
  <testcase classname="day44.PaymentTest" name="payInUSD" time="0.002"/>
  <testcase classname="day44.PaymentTest" name="payInCAD" time="0.004"/>
</testsuite> <!-- Default test -->
