<?xml version="1.0" encoding="UTF-8"?>
<!-- Generated by org.testng.reporters.JUnitXMLReporter -->
<testsuite ignored="0" hostname="DESKTOP-KJQ7RLT" failures="0" tests="3" name="EdgeTest" time="4.802" errors="0" timestamp="2025-10-19T21:22:28 IST">
  <testcase classname="day45.ParamTestDemo" name="TestLogo" time="0.0">
    <skipped/>
  </testcase> <!-- TestLogo -->
  <testcase classname="day45.ParamTestDemo" name="TestTitle" time="0.0">
    <skipped/>
  </testcase> <!-- TestTitle -->
  <testcase classname="day45.ParamTestDemo" name="testURL" time="0.0">
    <skipped/>
  </testcase> <!-- testURL -->
</testsuite> <!-- EdgeTest -->
