<?xml version="1.0" encoding="UTF-8"?>
<testsuite xmlns:xsi="http://www.w3.org/2001/XMLSchema-instance" xsi:noNamespaceSchemaLocation="https://maven.apache.org/surefire/maven-surefire-plugin/xsd/surefire-test-report-3.0.xsd" version="3.0" name="TestSuite" time="24.555" tests="17" errors="0" skipped="0" failures="0">
  <properties>
[...]
</properties>
  <testcase name="openApp" classname="day42.SimpleLoginTest" time="8.873">
    <system-err><![CDATA[SLF4J(W): No SLF4J providers were found.
SLF4J(W): Defaulting to no-operation (NOP) logger implementation
SLF4J(W): See https://www.slf4j.org/codes.html#noProviders for further details.
Oct 19, 2025 8:52:09 PM org.openqa.selenium.devtools.CdpVersionFinder findNearestMatch
WARNING: Unable to find CDP implementation matching 141
Oct 19, 2025 8:52:09 PM org.openqa.selenium.chromium.ChromiumDriver lambda$new$5
WARNING: Unable to find version of CDP to use for 141.0.7390.108. You may need to include a dependency on a specific version of the CDP using something similar to `org.seleniumhq.selenium:selenium-devtools-v86:4.22.0` where the version ("v86") matches the version of the chromium-based browser you're using and the version number of the artifact is the same as Selenium's.
]]></system-err>
  </testcase>
  <testcase name="logoCheck" classname="day42.SimpleLoginTest" time="3.033">
    <system-out><![CDATA[Logo is displayed: true
]]></system-out>
  </testcase>
  <testcase name="login" classname="day42.SimpleLoginTest" time="1.948"/>
  <testcase name="logout" classname="day42.SimpleLoginTest" time="6.117"/>
  <testcase name="closeApp" classname="day42.SimpleLoginTest" time="3.33">
    <system-err><![CDATA[Oct 19, 2025 8:52:30 PM org.openqa.selenium.remote.http.WebSocket$Listener onError
WARNING: An existing connection was forcibly closed by the remote host
java.io.IOException: An existing connection was forcibly closed by the remote host
	at java.base/sun.nio.ch.SocketDispatcher.read0(Native Method)
	at java.base/sun.nio.ch.SocketDispatcher.read(SocketDispatcher.java:43)
	at java.base/sun.nio.ch.IOUtil.readIntoNativeBuffer(IOUtil.java:276)
	at java.base/sun.nio.ch.IOUtil.read(IOUtil.java:245)
	at java.base/sun.nio.ch.IOUtil.read(IOUtil.java:223)
	at java.base/sun.nio.ch.SocketChannelImpl.read(SocketChannelImpl.java:358)
	at java.net.http/jdk.internal.net.http.SocketTube.readAvailable(SocketTube.java:1153)
	at java.net.http/jdk.internal.net.http.SocketTube$InternalReadPublisher$InternalReadSubscription.read(SocketTube.java:821)
	at java.net.http/jdk.internal.net.http.SocketTube$SocketFlowTask.run(SocketTube.java:175)
	at java.net.http/jdk.internal.net.http.common.SequentialScheduler$SchedulableTask.run(SequentialScheduler.java:198)
	at java.net.http/jdk.internal.net.http.common.SequentialScheduler.runOrSchedule(SequentialScheduler.java:271)
	at java.net.http/jdk.internal.net.http.common.SequentialScheduler.runOrSchedule(SequentialScheduler.java:224)
	at java.net.http/jdk.internal.net.http.SocketTube$InternalReadPublisher$InternalReadSubscription.signalReadable(SocketTube.java:763)
	at java.net.http/jdk.internal.net.http.SocketTube$InternalReadPublisher$ReadEvent.signalEvent(SocketTube.java:941)
	at java.net.http/jdk.internal.net.http.SocketTube$SocketFlowEvent.handle(SocketTube.java:245)
	at java.net.http/jdk.internal.net.http.HttpClientImpl$SelectorManager.handleEvent(HttpClientImpl.java:957)
	at java.net.http/jdk.internal.net.http.HttpClientImpl$SelectorManager.lambda$run$3(HttpClientImpl.java:912)
	at java.base/java.util.ArrayList.forEach(ArrayList.java:1541)
	at java.net.http/jdk.internal.net.http.HttpClientImpl$SelectorManager.run(HttpClientImpl.java:912)

]]></system-err>
  </testcase>
  <testcase name="a_openApp" classname="day42.TestNGFirstExecution" time="0.003">
    <system-out><![CDATA[Opened the app....
]]></system-out>
  </testcase>
  <testcase name="b_loginApp" classname="day42.TestNGFirstExecution" time="0.01">
    <system-out><![CDATA[Logged in into the app...
]]></system-out>
  </testcase>
  <testcase name="c_logoutApp" classname="day42.TestNGFirstExecution" time="0.002">
    <system-out><![CDATA[logged out from the app...
]]></system-out>
  </testcase>
  <testcase name="loginByEmail" classname="day44.loginTest" time="0.004">
    <system-out><![CDATA[Login by email...
]]></system-out>
  </testcase>
  <testcase name="loginByFacebook" classname="day44.loginTest" time="0.004">
    <system-out><![CDATA[Login by facebook Account...
]]></system-out>
  </testcase>
  <testcase name="loginByInstagram" classname="day44.loginTest" time="0.006">
    <system-out><![CDATA[Login by Instagram Account...
]]></system-out>
  </testcase>
  <testcase name="payInRupees" classname="day44.PaymentTest" time="0.004">
    <system-out><![CDATA[Payment done in rupees...
]]></system-out>
  </testcase>
  <testcase name="payInUSD" classname="day44.PaymentTest" time="0.002">
    <system-out><![CDATA[Payment done in USD...
]]></system-out>
  </testcase>
  <testcase name="payInCAD" classname="day44.PaymentTest" time="0.002">
    <system-out><![CDATA[Payment done in CAD...
]]></system-out>
  </testcase>
  <testcase name="SignUpByEmail" classname="day44.SignUpTest" time="0.002">
    <system-out><![CDATA[Signup by using email...
]]></system-out>
  </testcase>
  <testcase name="SignUpByFacebook" classname="day44.SignUpTest" time="0.002">
    <system-out><![CDATA[Signup by using Facebook Account...
]]></system-out>
  </testcase>
  <testcase name="SignUpByInstagram" classname="day44.SignUpTest" time="0.004">
    <system-out><![CDATA[Signup by using Instagram Account...
]]></system-out>
  </testcase>
</testsuite>