<?xml version="1.0" encoding="UTF-8"?>
<testng-results ignored="6" total="9" passed="3" failed="0" skipped="0">
  <reporter-output>
  </reporter-output>
  <suite started-at="2025-10-05T22:13:34 IST" name="GroupSuite" finished-at="2025-10-05T22:13:34 IST" duration-ms="82">
    <groups>
      <group name="Functional">
        <method signature="PaymentTest.payInRupees()[pri:1, instance:day44.PaymentTest@7188af83]" name="payInRupees" class="day44.PaymentTest"/>
        <method signature="PaymentTest.payInUSD()[pri:2, instance:day44.PaymentTest@7188af83]" name="payInUSD" class="day44.PaymentTest"/>
        <method signature="PaymentTest.payInCAD()[pri:3, instance:day44.PaymentTest@7188af83]" name="payInCAD" class="day44.PaymentTest"/>
      </group> <!-- Functional -->
      <group name="Sanity">
        <method signature="PaymentTest.payInRupees()[pri:1, instance:day44.PaymentTest@7188af83]" name="payInRupees" class="day44.PaymentTest"/>
        <method signature="PaymentTest.payInUSD()[pri:2, instance:day44.PaymentTest@7188af83]" name="payInUSD" class="day44.PaymentTest"/>
        <method signature="PaymentTest.payInCAD()[pri:3, instance:day44.PaymentTest@7188af83]" name="payInCAD" class="day44.PaymentTest"/>
      </group> <!-- Sanity -->
      <group name="Regression">
        <method signature="PaymentTest.payInRupees()[pri:1, instance:day44.PaymentTest@7188af83]" name="payInRupees" class="day44.PaymentTest"/>
        <method signature="PaymentTest.payInUSD()[pri:2, instance:day44.PaymentTest@7188af83]" name="payInUSD" class="day44.PaymentTest"/>
        <method signature="PaymentTest.payInCAD()[pri:3, instance:day44.PaymentTest@7188af83]" name="payInCAD" class="day44.PaymentTest"/>
      </group> <!-- Regression -->
    </groups>
    <test started-at="2025-10-05T22:13:34 IST" name="GroupTest" finished-at="2025-10-05T22:13:34 IST" duration-ms="82">
      <class name="day44.PaymentTest">
        <test-method signature="payInRupees()[pri:1, instance:day44.PaymentTest@7188af83]" started-at="2025-10-05T22:13:34 IST" name="payInRupees" finished-at="2025-10-05T22:13:34 IST" duration-ms="9" status="PASS">
          <reporter-output>
          </reporter-output>
        </test-method> <!-- payInRupees -->
        <test-method signature="payInUSD()[pri:2, instance:day44.PaymentTest@7188af83]" started-at="2025-10-05T22:13:34 IST" name="payInUSD" finished-at="2025-10-05T22:13:34 IST" duration-ms="1" status="PASS">
          <reporter-output>
          </reporter-output>
        </test-method> <!-- payInUSD -->
        <test-method signature="payInCAD()[pri:3, instance:day44.PaymentTest@7188af83]" started-at="2025-10-05T22:13:34 IST" name="payInCAD" finished-at="2025-10-05T22:13:34 IST" duration-ms="1" status="PASS">
          <reporter-output>
          </reporter-output>
        </test-method> <!-- payInCAD -->
      </class> <!-- day44.PaymentTest -->
    </test> <!-- GroupTest -->
  </suite> <!-- GroupSuite -->
</testng-results>
