<?xml version="1.0" encoding="UTF-8"?>
<!-- Generated by org.testng.reporters.JUnitXMLReporter -->
<testsuite ignored="6" hostname="DESKTOP-KJQ7RLT" failures="0" tests="3" name="GroupTest" time="0.082" errors="0" timestamp="2025-10-05T22:13:34 IST">
  <testcase classname="day44.PaymentTest" name="payInRupees" time="0.009"/>
  <testcase classname="day44.PaymentTest" name="payInUSD" time="0.001"/>
  <testcase classname="day44.PaymentTest" name="payInCAD" time="0.001"/>
  <testcase classname="day44.SignUpTest" name="SignUpByInstagram" time="0.0">
    <ignored/>
  </testcase> <!-- SignUpByInstagram -->
  <testcase classname="day44.loginTest" name="loginByEmail" time="0.0">
    <ignored/>
  </testcase> <!-- loginByEmail -->
  <testcase classname="day44.SignUpTest" name="SignUpByFacebook" time="0.0">
    <ignored/>
  </testcase> <!-- SignUpByFacebook -->
  <testcase classname="day44.SignUpTest" name="SignUpByEmail" time="0.0">
    <ignored/>
  </testcase> <!-- SignUpByEmail -->
  <testcase classname="day44.loginTest" name="loginByInstagram" time="0.0">
    <ignored/>
  </testcase> <!-- loginByInstagram -->
  <testcase classname="day44.loginTest" name="loginByFacebook" time="0.0">
    <ignored/>
  </testcase> <!-- loginByFacebook -->
</testsuite> <!-- GroupTest -->
